 
**********************************
Esecuzione FISCALDIFF del: Wed May 29 11:58:21 CEST 2024
**********************************
DB_SERVER_HostName=192.168.15.44
DB_SERVER_Port=1433
DB_SERVER_User=Uakari
DB_SERVER_Passwd=PwdUak2014
DB_SERVER_Database=db_loy
DB_SERVER_Protocol=mssql
CDA_LENGHT=1
2024528
Nuova data  20240528
negozio: 0001 00002 2024-05-28 4516.200 4516.200 0.000 2359 4516.20 0.00 0
negozio: 0002 00001 2024-05-28 4564.910 4564.910 0.000 2426 4564.91 0.00 0
negozio: 0003 00001 2024-05-28 2993.860 2993.860 0.000 2960 2993.86 0.00 0
negozio: 0003 00002 2024-05-28 30.460 30.460 0.000 2002 30.46 0.00 0
negozio: 0005 00001 2024-05-28 1807.010 1807.010 0.000 3341 1807.01 0.00 0
negozio: 0005 00002 2024-05-28 833.710 833.710 0.000 1994 833.71 0.00 0
negozio: 0006 00001 2024-05-28 1791.930 1791.930 0.000 1675 1791.93 0.00 0
negozio: 0007 00001 2024-05-28 1092.330 1092.330 0.000 1567 1092.33 0.00 0
negozio: 0008 00001 2024-05-28 2495.170 2495.170 0.000 1635 2495.17 0.00 0
negozio: 0010 00001 2024-05-28 694.380 694.380 0.000 2910 694.38 0.00 0
negozio: 0011 00001 2024-05-28 1458.250 1458.250 0.000 1671 1458.25 0.00 0
negozio: 0011 00002 2024-05-28 1733.120 1733.120 0.000 1663 1733.12 0.00 0
negozio: 0012 00001 2024-05-28 2272.560 2272.560 0.000 1824 2272.56 0.00 0
negozio: 0013 00001 2024-05-28 2871.420 2871.420 0.000 2984 2871.42 0.00 0
negozio: 0014 00001 2024-05-28 2015.510 2015.510 0.000 2036 2015.51 0.00 0
negozio: 0014 00002 2024-05-28 179.800 179.800 0.000 2116 179.80 0.00 0
negozio: 0015 00002 2024-05-28 825.270 825.270 0.000 2230 825.27 0.00 0
negozio: 0016 00001 2024-05-28 823.300 823.300 0.000 2082 823.30 0.00 0
negozio: 0018 00002 2024-05-28 1815.860 1815.860 0.000 2429 1815.86 0.00 0
negozio: 0020 00001 2024-05-28 2938.630 2938.630 0.000 2466 2938.63 0.00 0
negozio: 0021 00001 2024-05-28 2150.530 2150.530 0.000 2457 2150.53 0.00 0
negozio: 0025 00001 2024-05-28 1696.380 1696.380 0.000 2242 1696.38 0.00 0
negozio: 0027 00001 2024-05-28 1518.410 1518.410 0.000 2164 1518.41 0.00 0
negozio: 0028 00001 2024-05-28 320.640 320.640 0.000 2089 320.64 0.00 0
negozio: 0028 00002 2024-05-28 1837.630 1837.630 0.000 2066 1837.63 0.00 0
negozio: 0031 00001 2024-05-28 1195.760 1195.760 0.000 1526 1195.76 0.00 0
negozio: 0032 00001 2024-05-28 2403.990 2403.990 0.000 2063 2403.99 0.00 0
negozio: 0032 00002 2024-05-28 55.080 55.080 0.000 2088 55.08 0.00 0
negozio: 0034 00002 2024-05-28 639.690 639.690 0.000 1258 639.69 0.00 0
negozio: 0036 00001 2024-05-28 2238.670 2238.670 0.000 1806 2238.67 0.00 0
negozio: 0037 00001 2024-05-28 1587.650 1587.650 0.000 2227 1587.65 0.00 0
negozio: 0038 00002 2024-05-28 1373.290 1373.290 0.000 1559 1373.29 0.00 0
negozio: 0039 00001 2024-05-28 732.730 732.730 0.000 2185 732.73 0.00 0
negozio: 0039 00002 2024-05-28 1287.400 1287.400 0.000 881 1287.40 0.00 0
negozio: 0040 00001 2024-05-28 3289.630 3289.630 0.000 592 3289.63 0.00 0
negozio: 0041 00001 2024-05-28 917.170 917.170 0.000 529 917.17 0.00 0
negozio: 0042 00001 2024-05-28 752.050 752.050 0.000 1981 752.05 0.00 0
negozio: 0043 00001 2024-05-28 918.100 918.100 0.000 379 918.10 0.00 0
negozio: 0044 00002 2024-05-28 2488.550 2488.550 0.000 344 2488.55 0.00 0
negozio: 0046 00002 2024-05-28 294.990 294.990 0.000 262 294.99 0.00 0
negozio: 0047 00001 2024-05-28 1641.600 1641.600 0.000 365 1641.60 0.00 0
negozio: 0047 00002 2024-05-28 184.800 184.800 0.000 353 184.80 0.00 0
negozio: 0048 00001 2024-05-28 92.190 92.190 0.000 297 92.19 0.00 0
negozio: 0051 00001 2024-05-28 942.210 942.210 0.000 321 942.21 0.00 0
negozio: 0052 00002 2024-05-28 1920.150 1920.150 0.000 313 1920.15 0.00 0
negozio: 0054 00002 2024-05-28 871.730 871.730 0.000 194 871.73 0.00 0
