 
**********************************
Esecuzione FISCALDIFF del: Sat Mar 23 09:03:28 CET 2024
**********************************
DB_SERVER_HostName=192.168.15.44
DB_SERVER_Port=1433
DB_SERVER_User=Uakari
DB_SERVER_Passwd=PwdUak2014
DB_SERVER_Database=db_loy
DB_SERVER_Protocol=mssql
CDA_LENGHT=1
2024322
Nuova data  20240322
 
**********************************
Esecuzione FISCALDIFF del: Sat Mar 23 09:06:46 CET 2024
**********************************
DB_SERVER_HostName=192.168.15.44
DB_SERVER_Port=1433
DB_SERVER_User=Uakari
DB_SERVER_Passwd=PwdUak2014
DB_SERVER_Database=db_loy
DB_SERVER_Protocol=mssql
CDA_LENGHT=1
2024322
Nuova data  20240322
 
**********************************
Esecuzione FISCALDIFF del: Sat Mar 23 12:18:42 CET 2024
**********************************
DB_SERVER_HostName=192.168.15.44
DB_SERVER_Port=1433
DB_SERVER_User=Uakari
DB_SERVER_Passwd=PwdUak2014
DB_SERVER_Database=db_loy
DB_SERVER_Protocol=mssql
CDA_LENGHT=1
2024322
Nuova data  20240322
negozio: 0001 00002 2024-03-22 5664.270 5664.270 0.000 2294 5664.27 0.00 0
negozio: 0002 00001 2024-03-22 5376.640 5376.640 0.000 2359 5376.64 0.00 0
negozio: 0002 00002 2024-03-22 93.570 93.570 0.000 1641 93.57 0.00 0
negozio: 0003 00001 2024-03-22 270.030 270.030 0.000 2894 270.03 0.00 0
negozio: 0003 00002 2024-03-22 2291.930 2291.930 0.000 1936 2291.93 0.00 0
negozio: 0005 00001 2024-03-22 2994.530 2994.530 0.000 3275 2994.53 0.00 0
negozio: 0006 00001 2024-03-22 2413.240 2413.240 0.000 1609 2413.24 0.00 0
negozio: 0007 00001 2024-03-22 1048.550 1048.550 0.000 1501 1048.55 0.00 0
negozio: 0008 00001 2024-03-22 4111.360 4111.360 0.000 1567 4111.36 0.00 0
negozio: 0010 00001 2024-03-22 820.190 820.190 0.000 2853 820.19 0.00 0
negozio: 0011 00001 2024-03-22 4777.460 4777.460 0.000 1603 4777.46 0.00 0
negozio: 0012 00001 2024-03-22 2786.050 2786.050 0.000 1758 2786.05 0.00 0
negozio: 0012 00002 2024-03-22 89.670 89.670 0.000 1508 89.67 0.00 0
negozio: 0013 00001 2024-03-22 1957.830 1957.830 0.000 2918 1957.83 0.00 0
negozio: 0014 00001 2024-03-22 2055.500 2055.500 0.000 1970 2055.50 0.00 0
negozio: 0014 00002 2024-03-22 1470.480 1470.480 0.000 2050 1470.48 0.00 0
negozio: 0015 00002 2024-03-22 1608.490 1608.490 0.000 2164 1608.49 0.00 0
negozio: 0016 00001 2024-03-22 979.810 979.810 0.000 2025 979.81 0.00 0
negozio: 0017 00001 2024-03-22 2920.570 2920.570 0.000 2341 2920.57 0.00 0
negozio: 0018 00002 2024-03-22 2048.780 2048.780 0.000 2363 2048.78 0.00 0
negozio: 0020 00001 2024-03-22 2159.880 2159.880 0.000 2400 2159.88 0.00 0
negozio: 0021 00001 2024-03-22 2911.780 2911.780 0.000 2391 2911.78 0.00 0
negozio: 0025 00001 2024-03-22 2210.150 2210.150 0.000 2176 2210.15 0.00 0
negozio: 0027 00001 2024-03-22 1807.040 1807.040 0.000 2098 1807.04 0.00 0
negozio: 0028 00002 2024-03-22 4250.590 4250.590 0.000 2000 4250.59 0.00 0
negozio: 0031 00001 2024-03-22 2127.030 2127.030 0.000 1460 2127.03 0.00 0
negozio: 0032 00001 2024-03-22 2472.150 2472.150 0.000 1997 2472.15 0.00 0
negozio: 0034 00002 2024-03-22 969.920 969.920 0.000 1192 969.92 0.00 0
negozio: 0036 00001 2024-03-22 3063.930 3063.930 0.000 1740 3063.93 0.00 0
negozio: 0037 00001 2024-03-22 2671.680 2671.680 0.000 2161 2671.68 0.00 0
negozio: 0038 00002 2024-03-22 2172.750 2172.750 0.000 1493 2172.75 0.00 0
negozio: 0039 00001 2024-03-22 889.550 889.550 0.000 2118 889.55 0.00 0
negozio: 0039 00002 2024-03-22 945.450 945.450 0.000 814 945.45 0.00 0
negozio: 0040 00001 2024-03-22 3590.860 3590.860 0.000 526 3590.86 0.00 0
negozio: 0041 00001 2024-03-22 479.180 479.180 0.000 463 479.18 0.00 0
negozio: 0042 00001 2024-03-22 833.610 833.610 0.000 1915 833.61 0.00 0
negozio: 0043 00001 2024-03-22 1316.060 1316.060 0.000 313 1316.06 0.00 0
negozio: 0044 00002 2024-03-22 2204.710 2204.710 0.000 278 2204.71 0.00 0
negozio: 0045 00001 2024-03-22 364.160 364.160 0.000 160 364.16 0.00 0
negozio: 0046 00002 2024-03-22 833.740 833.740 0.000 188 833.74 0.00 0
negozio: 0047 00001 2024-03-22 1142.620 1142.620 0.000 301 1142.62 0.00 0
negozio: 0049 00001 2024-03-22 236.990 236.990 0.000 298 236.99 0.00 0
negozio: 0051 00001 2024-03-22 696.030 696.030 0.000 254 696.03 0.00 0
negozio: 0052 00002 2024-03-22 2352.810 2352.810 0.000 244 2352.81 0.00 0
negozio: 0054 00001 2024-03-22 851.220 851.220 0.000 124 851.22 0.00 0
